0 info it worked if it ends with ok
1 verbose cli [ '/usr/local/bin/node',
1 verbose cli   '/usr/local/bin/npm',
1 verbose cli   'install',
1 verbose cli   'https://github.com/daneden/animate.css.git#~3.4.0',
1 verbose cli   '--save' ]
2 info using npm@2.14.20
3 info using node@v4.4.1
4 verbose install initial load of /Users/zhanghao/github/xuan-s-note/package.json
5 warn package.json mynote@1.0.0 No description
6 warn package.json mynote@1.0.0 No repository field.
7 warn package.json mynote@1.0.0 No README data
8 verbose installManyTop reading scoped package data from /Users/zhanghao/github/xuan-s-note/node_modules/body-parser/package.json
9 verbose installManyTop reading scoped package data from /Users/zhanghao/github/xuan-s-note/node_modules/ejs/package.json
10 verbose installManyTop reading scoped package data from /Users/zhanghao/github/xuan-s-note/node_modules/express/package.json
11 verbose installManyTop reading scoped package data from /Users/zhanghao/github/xuan-s-note/node_modules/express-session/package.json
12 verbose installManyTop reading scoped package data from /Users/zhanghao/github/xuan-s-note/node_modules/moment/package.json
13 verbose installManyTop reading scoped package data from /Users/zhanghao/github/xuan-s-note/node_modules/mongoose/package.json
14 verbose readDependencies loading dependencies from /Users/zhanghao/github/xuan-s-note/package.json
15 silly cache add args [ 'https://github.com/daneden/animate.css.git#~3.4.0', null ]
16 verbose cache add spec https://github.com/daneden/animate.css.git#~3.4.0
17 silly cache add parsed spec Result {
17 silly cache add   raw: 'https://github.com/daneden/animate.css.git#~3.4.0',
17 silly cache add   scope: null,
17 silly cache add   name: null,
17 silly cache add   rawSpec: 'https://github.com/daneden/animate.css.git#~3.4.0',
17 silly cache add   spec: 'git+https://github.com/daneden/animate.css.git#~3.4.0',
17 silly cache add   type: 'hosted',
17 silly cache add   hosted:
17 silly cache add    { type: 'github',
17 silly cache add      ssh: 'git@github.com:daneden/animate.css.git#~3.4.0',
17 silly cache add      sshUrl: 'git+ssh://git@github.com/daneden/animate.css.git#~3.4.0',
17 silly cache add      httpsUrl: 'git+https://github.com/daneden/animate.css.git#~3.4.0',
17 silly cache add      gitUrl: 'git://github.com/daneden/animate.css.git#~3.4.0',
17 silly cache add      shortcut: 'github:daneden/animate.css#~3.4.0',
17 silly cache add      directUrl: 'https://raw.githubusercontent.com/daneden/animate.css/~3.4.0/package.json' } }
18 verbose addRemoteGit caching https://github.com/daneden/animate.css.git#~3.4.0
19 verbose addRemoteGit git+https://github.com/daneden/animate.css.git#~3.4.0 is a repository hosted by github
20 silly tryClone cloning git+https://github.com/daneden/animate.css.git#~3.4.0 via git+https://github.com/daneden/animate.css.git#~3.4.0
21 verbose tryClone https-github-com-daneden-animate-css-git-d232ec3e not in flight; caching
22 verbose correctMkdir /Users/zhanghao/.npm/_git-remotes correctMkdir not in flight; initializing
23 info git [ 'clone',
23 info git   '--template=/Users/zhanghao/.npm/_git-remotes/_templates',
23 info git   '--mirror',
23 info git   'https://github.com/daneden/animate.css.git',
23 info git   '/Users/zhanghao/.npm/_git-remotes/https-github-com-daneden-animate-css-git-d232ec3e' ]
24 error git clone --template=/Users/zhanghao/.npm/_git-remotes/_templates --mirror https://github.com/daneden/animate.css.git /Users/zhanghao/.npm/_git-remotes/https-github-com-daneden-animate-css-git-d232ec3e: Cloning into bare repository '/Users/zhanghao/.npm/_git-remotes/https-github-com-daneden-animate-css-git-d232ec3e'...
24 error git clone --template=/Users/zhanghao/.npm/_git-remotes/_templates --mirror https://github.com/daneden/animate.css.git /Users/zhanghao/.npm/_git-remotes/https-github-com-daneden-animate-css-git-d232ec3e: fatal: unable to access 'https://github.com/daneden/animate.css.git/': Could not resolve host: github.com
25 verbose stack Error: Command failed: git clone --template=/Users/zhanghao/.npm/_git-remotes/_templates --mirror https://github.com/daneden/animate.css.git /Users/zhanghao/.npm/_git-remotes/https-github-com-daneden-animate-css-git-d232ec3e
25 verbose stack Cloning into bare repository '/Users/zhanghao/.npm/_git-remotes/https-github-com-daneden-animate-css-git-d232ec3e'...
25 verbose stack fatal: unable to access 'https://github.com/daneden/animate.css.git/': Could not resolve host: github.com
25 verbose stack
25 verbose stack     at ChildProcess.exithandler (child_process.js:213:12)
25 verbose stack     at emitTwo (events.js:87:13)
25 verbose stack     at ChildProcess.emit (events.js:172:7)
25 verbose stack     at maybeClose (internal/child_process.js:827:16)
25 verbose stack     at Socket.<anonymous> (internal/child_process.js:319:11)
25 verbose stack     at emitOne (events.js:77:13)
25 verbose stack     at Socket.emit (events.js:169:7)
25 verbose stack     at Pipe._onclose (net.js:475:12)
26 verbose cwd /Users/zhanghao/github/xuan-s-note
27 error Darwin 14.5.0
28 error argv "/usr/local/bin/node" "/usr/local/bin/npm" "install" "https://github.com/daneden/animate.css.git#~3.4.0" "--save"
29 error node v4.4.1
30 error npm  v2.14.20
31 error code 128
32 error Command failed: git clone --template=/Users/zhanghao/.npm/_git-remotes/_templates --mirror https://github.com/daneden/animate.css.git /Users/zhanghao/.npm/_git-remotes/https-github-com-daneden-animate-css-git-d232ec3e
32 error Cloning into bare repository '/Users/zhanghao/.npm/_git-remotes/https-github-com-daneden-animate-css-git-d232ec3e'...
32 error fatal: unable to access 'https://github.com/daneden/animate.css.git/': Could not resolve host: github.com
33 error If you need help, you may report this error at:
33 error     <https://github.com/npm/npm/issues>
34 verbose exit [ 1, true ]
